<?xml version="1.0" encoding="UTF-8"?>
<!-- Generated by org.testng.reporters.JUnitReportReporter -->
<testsuite skipped="0" hostname="NITHISH" name="com.pg.management.login.LoginUiTest" tests="1" failures="0" timestamp="17 Mar 2019 17:00:51 GMT" time="0.553" errors="0">
  <testcase name="testcase1" time="0.553" classname="com.pg.management.login.LoginUiTest"/>
</testsuite> <!-- com.pg.management.login.LoginUiTest -->
